#
# A fatal error has been detected by the Java Runtime Environment:
#
#  SIGSEGV (0xb) at pc=0x00007fc664d0c3d1, pid=11917, tid=11918
#
# JRE version: OpenJDK Runtime Environment (11.0.11+9) (build 11.0.11+9-Ubuntu-0ubuntu2.18.04)
# Java VM: OpenJDK 64-Bit Server VM (11.0.11+9-Ubuntu-0ubuntu2.18.04, mixed mode, sharing, tiered, compressed oops, serial gc, linux-amd64)
# Problematic frame:
# C  [libjimage.so+0x23d1]
#
# Core dump will be written. Default location: Core dumps may be processed with "/usr/share/apport/apport %p %s %c %d %P %E" (or dumping to /home/runner/Project5/core.11917)
#
# If you would like to submit a bug report, please visit:
#   https://bugs.launchpad.net/ubuntu/+source/openjdk-lts
#

---------------  S U M M A R Y ------------

Command Line: DrawingApplicationFrame

Host: Intel(R) Xeon(R) CPU @ 2.20GHz, 4 cores, 512M, Ubuntu 18.04.5 LTS
Time: Sat Oct 16 03:33:28 2021 UTC elapsed time: 4.309085 seconds (0d 0h 0m 4s)

---------------  T H R E A D  ---------------

Current thread (0x00007fc660016000):  JavaThread "main" [_thread_in_vm, id=11918, stack(0x00007fc668017000,0x00007fc668118000)]

Stack: [0x00007fc668017000,0x00007fc668118000],  sp=0x00007fc668114bb0,  free space=1014k
Native frames: (J=compiled Java code, A=aot compiled Java code, j=interpreted, Vv=VM code, C=native code)
C  [libjimage.so+0x23d1]
C  [libjimage.so+0x304a]
C  [libjimage.so+0x3515]  JIMAGE_FindResource+0xd5
V  [libjvm.so+0x596f2f]
V  [libjvm.so+0x5991cb]
V  [libjvm.so+0xd845ac]
V  [libjvm.so+0xd831d2]
V  [libjvm.so+0xd856e6]
V  [libjvm.so+0x6403ad]
V  [libjvm.so+0x824a4a]
j  javax.swing.plaf.basic.BasicPopupMenuUI.installListeners()V+8 java.desktop@11.0.11
j  javax.swing.plaf.basic.BasicPopupMenuUI.installUI(Ljavax/swing/JComponent;)V+13 java.desktop@11.0.11
j  javax.swing.JComponent.setUI(Ljavax/swing/plaf/ComponentUI;)V+52 java.desktop@11.0.11
j  javax.swing.JPopupMenu.setUI(Ljavax/swing/plaf/PopupMenuUI;)V+2 java.desktop@11.0.11
j  javax.swing.JPopupMenu.updateUI()V+8 java.desktop@11.0.11
j  javax.swing.JPopupMenu.<init>(Ljava/lang/String;)V+60 java.desktop@11.0.11
j  javax.swing.JPopupMenu.<init>()V+2 java.desktop@11.0.11
j  javax.swing.plaf.basic.BasicComboPopup.<init>(Ljavax/swing/JComboBox;)V+1 java.desktop@11.0.11
j  javax.swing.plaf.basic.BasicComboBoxUI.createPopup()Ljavax/swing/plaf/basic/ComboPopup;+8 java.desktop@11.0.11
j  javax.swing.plaf.metal.MetalComboBoxUI.createPopup()Ljavax/swing/plaf/basic/ComboPopup;+1 java.desktop@11.0.11
j  javax.swing.plaf.basic.BasicComboBoxUI.installUI(Ljavax/swing/JComponent;)V+21 java.desktop@11.0.11
j  javax.swing.JComponent.setUI(Ljavax/swing/plaf/ComponentUI;)V+52 java.desktop@11.0.11
j  javax.swing.JComboBox.setUI(Ljavax/swing/plaf/ComboBoxUI;)V+2 java.desktop@11.0.11
j  javax.swing.JComboBox.updateUI()V+20 java.desktop@11.0.11
j  javax.swing.JComboBox.init()V+15 java.desktop@11.0.11
j  javax.swing.JComboBox.<init>([Ljava/lang/Object;)V+61 java.desktop@11.0.11
j  DrawingApplicationFrame.<init>()V+164
j  DrawingApplicationFrame.main([Ljava/lang/String;)V+4
v  ~StubRoutines::call_stub
V  [libjvm.so+0x82db91]
V  [libjvm.so+0x8a25bc]
V  [libjvm.so+0x8a4658]
C  [libjli.so+0x4738]
C  [libjli.so+0x87ed]

Java frames: (J=compiled Java code, j=interpreted, Vv=VM code)
j  javax.swing.plaf.basic.BasicPopupMenuUI.installListeners()V+8 java.desktop@11.0.11
j  javax.swing.plaf.basic.BasicPopupMenuUI.installUI(Ljavax/swing/JComponent;)V+13 java.desktop@11.0.11
j  javax.swing.JComponent.setUI(Ljavax/swing/plaf/ComponentUI;)V+52 java.desktop@11.0.11
j  javax.swing.JPopupMenu.setUI(Ljavax/swing/plaf/PopupMenuUI;)V+2 java.desktop@11.0.11
j  javax.swing.JPopupMenu.updateUI()V+8 java.desktop@11.0.11
j  javax.swing.JPopupMenu.<init>(Ljava/lang/String;)V+60 java.desktop@11.0.11
j  javax.swing.JPopupMenu.<init>()V+2 java.desktop@11.0.11
j  javax.swing.plaf.basic.BasicComboPopup.<init>(Ljavax/swing/JComboBox;)V+1 java.desktop@11.0.11
j  javax.swing.plaf.basic.BasicComboBoxUI.createPopup()Ljavax/swing/plaf/basic/ComboPopup;+8 java.desktop@11.0.11
j  javax.swing.plaf.metal.MetalComboBoxUI.createPopup()Ljavax/swing/plaf/basic/ComboPopup;+1 java.desktop@11.0.11
j  javax.swing.plaf.basic.BasicComboBoxUI.installUI(Ljavax/swing/JComponent;)V+21 java.desktop@11.0.11
j  javax.swing.JComponent.setUI(Ljavax/swing/plaf/ComponentUI;)V+52 java.desktop@11.0.11
j  javax.swing.JComboBox.setUI(Ljavax/swing/plaf/ComboBoxUI;)V+2 java.desktop@11.0.11
j  javax.swing.JComboBox.updateUI()V+20 java.desktop@11.0.11
j  javax.swing.JComboBox.init()V+15 java.desktop@11.0.11
j  javax.swing.JComboBox.<init>([Ljava/lang/Object;)V+61 java.desktop@11.0.11
j  DrawingApplicationFrame.<init>()V+164
j  DrawingApplicationFrame.main([Ljava/lang/String;)V+4
v  ~StubRoutines::call_stub

siginfo: si_signo: 11 (SIGSEGV), si_code: 1 (SEGV_MAPERR), si_addr: 0x00007fc6578990a4

Register to memory mapping:

RAX=0x0000000000008422 is an unknown value
RBX=0x00007fc668114c61 is pointing into the stack for thread: 0x00007fc660016000
RCX=0x00007fc65787801c is an unknown value
RDX=0x0000000000008422 is an unknown value
RSP=0x00007fc668114bb0 is pointing into the stack for thread: 0x00007fc660016000
RBP=0x00007fc668114bd0 is pointing into the stack for thread: 0x00007fc660016000
RSI=0x00007fc668114c60 is pointing into the stack for thread: 0x00007fc660016000
RDI=0x00007fc664f0f030: <offset 0x0000000000205030> in /usr/lib/jvm/java-11-openjdk-amd64/lib/libjimage.so at 0x00007fc664d0a000
R8 =0x0 is NULL
R9 =0x00000000e1e65209 is an unknown value
R10=0x00007fc668114ca7 is pointing into the stack for thread: 0x00007fc660016000
R11=0x00007fc667aba440: <offset 0x00000000001af440> in /lib/x86_64-linux-gnu/libc.so.6 at 0x00007fc66790b000
R12=0x00007fc668114c60 is pointing into the stack for thread: 0x00007fc660016000
R13=0x000000000000843b is an unknown value
R14=0x00007fc668115cf8 is pointing into the stack for thread: 0x00007fc660016000
R15=0x00007fc660016b80 points into unknown readable memory: 0x77732f786176616a | 6a 61 76 61 78 2f 73 77


Registers:
RAX=0x0000000000008422, RBX=0x00007fc668114c61, RCX=0x00007fc65787801c, RDX=0x0000000000008422
RSP=0x00007fc668114bb0, RBP=0x00007fc668114bd0, RSI=0x00007fc668114c60, RDI=0x00007fc664f0f030
R8 =0x0000000000000000, R9 =0x00000000e1e65209, R10=0x00007fc668114ca7, R11=0x00007fc667aba440
R12=0x00007fc668114c60, R13=0x000000000000843b, R14=0x00007fc668115cf8, R15=0x00007fc660016b80
RIP=0x00007fc664d0c3d1, EFLAGS=0x0000000000010246, CSGSFS=0x002b000000000033, ERR=0x0000000000000004
  TRAPNO=0x000000000000000e

Top of Stack: (sp=0x00007fc668114bb0)
0x00007fc668114bb0:   00007fc66004ad50 00007fc660009920
0x00007fc668114bc0:   0000000000000000 00007fc668114c60
0x00007fc668114bd0:   00007fc668114c40 00007fc664d0d04a
0x00007fc668114be0:   000000000003ab44 00007fc668114c80 

Instructions: (pc=0x00007fc664d0c3d1)
0x00007fc664d0c2d1:   48 89 df 48 89 4d 88 e8 53 f3 ff ff 48 8b 4d 88
0x00007fc664d0c2e1:   44 03 6d 90 e9 42 fd ff ff 66 0f 1f 44 00 00 8b
0x00007fc664d0c2f1:   08 41 89 0e 44 89 c1 8b 74 08 fc 41 89 74 0e fc
0x00007fc664d0c301:   e9 d8 fe ff ff 66 2e 0f 1f 84 00 00 00 00 00 b9
0x00007fc664d0c311:   0a 00 00 00 e9 95 fd ff ff 44 89 c1 0f b7 74 08
0x00007fc664d0c321:   fe 66 41 89 74 0e fe e9 b1 fe ff ff 0f 1f 00 0f
0x00007fc664d0c331:   b6 17 89 f1 4c 8d 47 01 84 d2 74 1a 0f 